<?xml version="1.0" encoding="UTF-8"?>
<testng-results ignored="0" total="1" passed="1" failed="0" skipped="0">
  <reporter-output>
  </reporter-output>
  <suite started-at="2022-04-01T16:15:00 IST" name="Default suite" finished-at="2022-04-01T16:15:44 IST" duration-ms="44131">
    <groups>
    </groups>
    <test started-at="2022-04-01T16:15:00 IST" name="Default test" finished-at="2022-04-01T16:15:44 IST" duration-ms="44131">
      <class name="paywheel.PaywheelTest">
        <test-method is-config="true" signature="baseclass()[pri:0, instance:paywheel.PaywheelTest@7a69b07]" started-at="2022-04-01T16:15:00 IST" name="baseclass" finished-at="2022-04-01T16:15:44 IST" duration-ms="44034" status="PASS">
          <reporter-output>
          </reporter-output>
        </test-method> <!-- baseclass -->
        <test-method signature="sample()[pri:0, instance:paywheel.PaywheelTest@7a69b07]" started-at="2022-04-01T16:15:44 IST" name="sample" finished-at="2022-04-01T16:15:44 IST" duration-ms="9" status="PASS">
          <reporter-output>
          </reporter-output>
        </test-method> <!-- sample -->
      </class> <!-- paywheel.PaywheelTest -->
    </test> <!-- Default test -->
  </suite> <!-- Default suite -->
</testng-results>
