<?xml version="1.0" encoding="UTF-8"?>
<testng-results ignored="0" total="1" passed="1" failed="0" skipped="0">
  <reporter-output>
  </reporter-output>
  <suite started-at="2021-11-03T07:40:46 IST" name="Default suite" finished-at="2021-11-03T07:41:09 IST" duration-ms="23524">
    <groups>
    </groups>
    <test started-at="2021-11-03T07:40:46 IST" name="Default test" finished-at="2021-11-03T07:41:09 IST" duration-ms="23524">
      <class name="com.actitime.generic.TestScripct1">
        <test-method is-config="true" signature="configBS()[pri:0, instance:com.actitime.generic.TestScripct1@31368b99]" started-at="2021-11-03T07:40:46 IST" name="configBS" finished-at="2021-11-03T07:40:46 IST" duration-ms="10" status="PASS">
          <reporter-output>
          </reporter-output>
        </test-method> <!-- configBS -->
        <test-method is-config="true" signature="configBT()[pri:0, instance:com.actitime.generic.TestScripct1@31368b99]" started-at="2021-11-03T07:40:46 IST" name="configBT" finished-at="2021-11-03T07:40:46 IST" duration-ms="1" status="PASS">
          <reporter-output>
          </reporter-output>
        </test-method> <!-- configBT -->
        <test-method is-config="true" signature="configBC()[pri:0, instance:com.actitime.generic.TestScripct1@31368b99]" started-at="2021-11-03T07:40:46 IST" name="configBC" finished-at="2021-11-03T07:41:01 IST" duration-ms="15681" status="PASS">
          <reporter-output>
          </reporter-output>
        </test-method> <!-- configBC -->
        <test-method is-config="true" signature="configBM()[pri:0, instance:com.actitime.generic.TestScripct1@31368b99]" started-at="2021-11-03T07:41:01 IST" name="configBM" finished-at="2021-11-03T07:41:02 IST" duration-ms="383" status="PASS">
          <reporter-output>
          </reporter-output>
        </test-method> <!-- configBM -->
        <test-method signature="sample1()[pri:0, instance:com.actitime.generic.TestScripct1@31368b99]" started-at="2021-11-03T07:41:02 IST" name="sample1" finished-at="2021-11-03T07:41:02 IST" duration-ms="12" status="PASS">
          <reporter-output>
          </reporter-output>
        </test-method> <!-- sample1 -->
        <test-method is-config="true" signature="configAM()[pri:0, instance:com.actitime.generic.TestScripct1@31368b99]" started-at="2021-11-03T07:41:02 IST" name="configAM" finished-at="2021-11-03T07:41:09 IST" duration-ms="7004" status="PASS">
          <reporter-output>
          </reporter-output>
        </test-method> <!-- configAM -->
        <test-method is-config="true" signature="configAc()[pri:0, instance:com.actitime.generic.TestScripct1@31368b99]" started-at="2021-11-03T07:41:09 IST" name="configAc" finished-at="2021-11-03T07:41:09 IST" duration-ms="388" status="PASS">
          <reporter-output>
          </reporter-output>
        </test-method> <!-- configAc -->
        <test-method is-config="true" signature="configAT()[pri:0, instance:com.actitime.generic.TestScripct1@31368b99]" started-at="2021-11-03T07:41:09 IST" name="configAT" finished-at="2021-11-03T07:41:09 IST" duration-ms="1" status="PASS">
          <reporter-output>
          </reporter-output>
        </test-method> <!-- configAT -->
        <test-method is-config="true" signature="configAS()[pri:0, instance:com.actitime.generic.TestScripct1@31368b99]" started-at="2021-11-03T07:41:09 IST" name="configAS" finished-at="2021-11-03T07:41:09 IST" duration-ms="0" status="PASS">
          <reporter-output>
          </reporter-output>
        </test-method> <!-- configAS -->
      </class> <!-- com.actitime.generic.TestScripct1 -->
    </test> <!-- Default test -->
  </suite> <!-- Default suite -->
</testng-results>
